CRITICAL - 2024-12-02 16:01:57 --> CodeIgniter\HTTP\Exceptions\HTTPException: The route for "http://neuracms/index.php/admin/dashboard" cannot be found.
[Method: GET, Route: admin]
in SYSTEMPATH\HTTP\RedirectResponse.php on line 64.
 1 SYSTEMPATH\HTTP\RedirectResponse.php(64): CodeIgniter\HTTP\Exceptions\HTTPException::forInvalidRedirectRoute('http://neuracms/index.php/admin/dashboard')
 2 APPPATH\Controllers\Admin.php(12): CodeIgniter\HTTP\RedirectResponse->route(false)
 3 SYSTEMPATH\CodeIgniter.php(933): App\Controllers\Admin->index()
 4 SYSTEMPATH\CodeIgniter.php(509): CodeIgniter\CodeIgniter->runController(Object(App\Controllers\Admin))
 5 SYSTEMPATH\CodeIgniter.php(355): CodeIgniter\CodeIgniter->handleRequest(null, Object(Config\Cache), false)
 6 SYSTEMPATH\Boot.php(325): CodeIgniter\CodeIgniter->run()
 7 SYSTEMPATH\Boot.php(67): CodeIgniter\Boot::runCodeIgniter(Object(CodeIgniter\CodeIgniter))
 8 FCPATH\index.php(56): CodeIgniter\Boot::bootWeb(Object(Config\Paths))
CRITICAL - 2024-12-02 16:02:13 --> CodeIgniter\HTTP\Exceptions\HTTPException: The route for "http://neuracms/index.php/admin/dashboard" cannot be found.
[Method: GET, Route: admin]
in SYSTEMPATH\HTTP\RedirectResponse.php on line 64.
 1 SYSTEMPATH\HTTP\RedirectResponse.php(64): CodeIgniter\HTTP\Exceptions\HTTPException::forInvalidRedirectRoute('http://neuracms/index.php/admin/dashboard')
 2 APPPATH\Controllers\Admin.php(12): CodeIgniter\HTTP\RedirectResponse->route(false)
 3 SYSTEMPATH\CodeIgniter.php(933): App\Controllers\Admin->index()
 4 SYSTEMPATH\CodeIgniter.php(509): CodeIgniter\CodeIgniter->runController(Object(App\Controllers\Admin))
 5 SYSTEMPATH\CodeIgniter.php(355): CodeIgniter\CodeIgniter->handleRequest(null, Object(Config\Cache), false)
 6 SYSTEMPATH\Boot.php(325): CodeIgniter\CodeIgniter->run()
 7 SYSTEMPATH\Boot.php(67): CodeIgniter\Boot::runCodeIgniter(Object(CodeIgniter\CodeIgniter))
 8 FCPATH\index.php(56): CodeIgniter\Boot::bootWeb(Object(Config\Paths))
CRITICAL - 2024-12-02 17:18:31 --> CodeIgniter\View\Exceptions\ViewException: Invalid file: "default.php"
[Method: GET, Route: admin/dashboard]
in SYSTEMPATH\Exceptions\FrameworkException.php on line 41.
 1 SYSTEMPATH\View\View.php(222): CodeIgniter\Exceptions\FrameworkException::forInvalidFile('default.php')
 2 SYSTEMPATH\View\View.php(250): CodeIgniter\View\View->render('default', [], true)
 3 SYSTEMPATH\Common.php(1171): CodeIgniter\View\View->render('admin/dashboard', [], true)
 4 APPPATH\Controllers\Admin\Dashboard.php(17): view('admin/dashboard', [...])
 5 SYSTEMPATH\CodeIgniter.php(933): App\Controllers\Admin\Dashboard->index()
 6 SYSTEMPATH\CodeIgniter.php(509): CodeIgniter\CodeIgniter->runController(Object(App\Controllers\Admin\Dashboard))
 7 SYSTEMPATH\CodeIgniter.php(355): CodeIgniter\CodeIgniter->handleRequest(null, Object(Config\Cache), false)
 8 SYSTEMPATH\Boot.php(325): CodeIgniter\CodeIgniter->run()
 9 SYSTEMPATH\Boot.php(67): CodeIgniter\Boot::runCodeIgniter(Object(CodeIgniter\CodeIgniter))
10 FCPATH\index.php(56): CodeIgniter\Boot::bootWeb(Object(Config\Paths))
CRITICAL - 2024-12-02 17:18:58 --> CodeIgniter\View\Exceptions\ViewException: Invalid file: "../layouts/default.php"
[Method: GET, Route: admin/dashboard]
in SYSTEMPATH\Exceptions\FrameworkException.php on line 41.
 1 SYSTEMPATH\View\View.php(222): CodeIgniter\Exceptions\FrameworkException::forInvalidFile('../layouts/default.php')
 2 SYSTEMPATH\View\View.php(250): CodeIgniter\View\View->render('../layouts/default', [], true)
 3 SYSTEMPATH\Common.php(1171): CodeIgniter\View\View->render('admin/dashboard', [], true)
 4 APPPATH\Controllers\Admin\Dashboard.php(17): view('admin/dashboard', [...])
 5 SYSTEMPATH\CodeIgniter.php(933): App\Controllers\Admin\Dashboard->index()
 6 SYSTEMPATH\CodeIgniter.php(509): CodeIgniter\CodeIgniter->runController(Object(App\Controllers\Admin\Dashboard))
 7 SYSTEMPATH\CodeIgniter.php(355): CodeIgniter\CodeIgniter->handleRequest(null, Object(Config\Cache), false)
 8 SYSTEMPATH\Boot.php(325): CodeIgniter\CodeIgniter->run()
 9 SYSTEMPATH\Boot.php(67): CodeIgniter\Boot::runCodeIgniter(Object(CodeIgniter\CodeIgniter))
10 FCPATH\index.php(56): CodeIgniter\Boot::bootWeb(Object(Config\Paths))
CRITICAL - 2024-12-02 17:33:13 --> CodeIgniter\View\Exceptions\ViewException: Invalid file: "layouts/defaault.php"
[Method: GET, Route: admin/dashboard]
in SYSTEMPATH\Exceptions\FrameworkException.php on line 41.
 1 SYSTEMPATH\View\View.php(222): CodeIgniter\Exceptions\FrameworkException::forInvalidFile('layouts/defaault.php')
 2 SYSTEMPATH\View\View.php(250): CodeIgniter\View\View->render('layouts/defaault', [], true)
 3 SYSTEMPATH\Common.php(1171): CodeIgniter\View\View->render('admin/dashboard', [], true)
 4 APPPATH\Controllers\Admin\Dashboard.php(17): view('admin/dashboard', [...])
 5 SYSTEMPATH\CodeIgniter.php(933): App\Controllers\Admin\Dashboard->index()
 6 SYSTEMPATH\CodeIgniter.php(509): CodeIgniter\CodeIgniter->runController(Object(App\Controllers\Admin\Dashboard))
 7 SYSTEMPATH\CodeIgniter.php(355): CodeIgniter\CodeIgniter->handleRequest(null, Object(Config\Cache), false)
 8 SYSTEMPATH\Boot.php(325): CodeIgniter\CodeIgniter->run()
 9 SYSTEMPATH\Boot.php(67): CodeIgniter\Boot::runCodeIgniter(Object(CodeIgniter\CodeIgniter))
10 FCPATH\index.php(56): CodeIgniter\Boot::bootWeb(Object(Config\Paths))
CRITICAL - 2024-12-02 17:39:13 --> ErrorException: Undefined array key "layout"
[Method: GET, Route: admin/dashboard]
in APPPATH\Views\admin\dashboard.php on line 1.
 1 APPPATH\Views\admin\dashboard.php(1): CodeIgniter\Debug\Exceptions->errorHandler(2, 'Undefined array key "layout"', 'W:\\Wamp.NET\\sites\\neuracms\\app\\Views\\admin\\dashboard.php', 1)
 2 SYSTEMPATH\View\View.php(234): include('W:\\Wamp.NET\\sites\\neuracms\\app\\Views\\admin\\dashboard.php')
 3 SYSTEMPATH\View\View.php(237): CodeIgniter\View\View->CodeIgniter\View\{closure}()
 4 SYSTEMPATH\Common.php(1171): CodeIgniter\View\View->render('admin/dashboard', [], true)
 5 APPPATH\Controllers\Admin\Dashboard.php(15): view('admin/dashboard')
 6 SYSTEMPATH\CodeIgniter.php(933): App\Controllers\Admin\Dashboard->index()
 7 SYSTEMPATH\CodeIgniter.php(509): CodeIgniter\CodeIgniter->runController(Object(App\Controllers\Admin\Dashboard))
 8 SYSTEMPATH\CodeIgniter.php(355): CodeIgniter\CodeIgniter->handleRequest(null, Object(Config\Cache), false)
 9 SYSTEMPATH\Boot.php(325): CodeIgniter\CodeIgniter->run()
10 SYSTEMPATH\Boot.php(67): CodeIgniter\Boot::runCodeIgniter(Object(CodeIgniter\CodeIgniter))
11 FCPATH\index.php(56): CodeIgniter\Boot::bootWeb(Object(Config\Paths))
CRITICAL - 2024-12-02 17:39:38 --> ErrorException: Undefined array key "layout"
[Method: GET, Route: admin/dashboard]
in APPPATH\Views\admin\dashboard.php on line 1.
 1 APPPATH\Views\admin\dashboard.php(1): CodeIgniter\Debug\Exceptions->errorHandler(2, 'Undefined array key "layout"', 'W:\\Wamp.NET\\sites\\neuracms\\app\\Views\\admin\\dashboard.php', 1)
 2 SYSTEMPATH\View\View.php(234): include('W:\\Wamp.NET\\sites\\neuracms\\app\\Views\\admin\\dashboard.php')
 3 SYSTEMPATH\View\View.php(237): CodeIgniter\View\View->CodeIgniter\View\{closure}()
 4 SYSTEMPATH\Common.php(1171): CodeIgniter\View\View->render('admin/dashboard', [], true)
 5 APPPATH\Controllers\Admin\Dashboard.php(15): view('admin/dashboard', [])
 6 SYSTEMPATH\CodeIgniter.php(933): App\Controllers\Admin\Dashboard->index()
 7 SYSTEMPATH\CodeIgniter.php(509): CodeIgniter\CodeIgniter->runController(Object(App\Controllers\Admin\Dashboard))
 8 SYSTEMPATH\CodeIgniter.php(355): CodeIgniter\CodeIgniter->handleRequest(null, Object(Config\Cache), false)
 9 SYSTEMPATH\Boot.php(325): CodeIgniter\CodeIgniter->run()
10 SYSTEMPATH\Boot.php(67): CodeIgniter\Boot::runCodeIgniter(Object(CodeIgniter\CodeIgniter))
11 FCPATH\index.php(56): CodeIgniter\Boot::bootWeb(Object(Config\Paths))
CRITICAL - 2024-12-02 17:39:39 --> ErrorException: Undefined array key "layout"
[Method: GET, Route: admin/dashboard]
in APPPATH\Views\admin\dashboard.php on line 1.
 1 APPPATH\Views\admin\dashboard.php(1): CodeIgniter\Debug\Exceptions->errorHandler(2, 'Undefined array key "layout"', 'W:\\Wamp.NET\\sites\\neuracms\\app\\Views\\admin\\dashboard.php', 1)
 2 SYSTEMPATH\View\View.php(234): include('W:\\Wamp.NET\\sites\\neuracms\\app\\Views\\admin\\dashboard.php')
 3 SYSTEMPATH\View\View.php(237): CodeIgniter\View\View->CodeIgniter\View\{closure}()
 4 SYSTEMPATH\Common.php(1171): CodeIgniter\View\View->render('admin/dashboard', [], true)
 5 APPPATH\Controllers\Admin\Dashboard.php(15): view('admin/dashboard', [])
 6 SYSTEMPATH\CodeIgniter.php(933): App\Controllers\Admin\Dashboard->index()
 7 SYSTEMPATH\CodeIgniter.php(509): CodeIgniter\CodeIgniter->runController(Object(App\Controllers\Admin\Dashboard))
 8 SYSTEMPATH\CodeIgniter.php(355): CodeIgniter\CodeIgniter->handleRequest(null, Object(Config\Cache), false)
 9 SYSTEMPATH\Boot.php(325): CodeIgniter\CodeIgniter->run()
10 SYSTEMPATH\Boot.php(67): CodeIgniter\Boot::runCodeIgniter(Object(CodeIgniter\CodeIgniter))
11 FCPATH\index.php(56): CodeIgniter\Boot::bootWeb(Object(Config\Paths))
CRITICAL - 2024-12-02 17:40:01 --> ErrorException: Undefined array key "layout"
[Method: GET, Route: admin/dashboard]
in APPPATH\Views\admin\dashboard.php on line 1.
 1 APPPATH\Views\admin\dashboard.php(1): CodeIgniter\Debug\Exceptions->errorHandler(2, 'Undefined array key "layout"', 'W:\\Wamp.NET\\sites\\neuracms\\app\\Views\\admin\\dashboard.php', 1)
 2 SYSTEMPATH\View\View.php(234): include('W:\\Wamp.NET\\sites\\neuracms\\app\\Views\\admin\\dashboard.php')
 3 SYSTEMPATH\View\View.php(237): CodeIgniter\View\View->CodeIgniter\View\{closure}()
 4 SYSTEMPATH\Common.php(1171): CodeIgniter\View\View->render('admin/dashboard', [], true)
 5 APPPATH\Controllers\Admin\Dashboard.php(15): view('admin/dashboard')
 6 SYSTEMPATH\CodeIgniter.php(933): App\Controllers\Admin\Dashboard->index()
 7 SYSTEMPATH\CodeIgniter.php(509): CodeIgniter\CodeIgniter->runController(Object(App\Controllers\Admin\Dashboard))
 8 SYSTEMPATH\CodeIgniter.php(355): CodeIgniter\CodeIgniter->handleRequest(null, Object(Config\Cache), false)
 9 SYSTEMPATH\Boot.php(325): CodeIgniter\CodeIgniter->run()
10 SYSTEMPATH\Boot.php(67): CodeIgniter\Boot::runCodeIgniter(Object(CodeIgniter\CodeIgniter))
11 FCPATH\index.php(56): CodeIgniter\Boot::bootWeb(Object(Config\Paths))
CRITICAL - 2024-12-02 17:40:02 --> ErrorException: Undefined array key "layout"
[Method: GET, Route: admin/dashboard]
in APPPATH\Views\admin\dashboard.php on line 1.
 1 APPPATH\Views\admin\dashboard.php(1): CodeIgniter\Debug\Exceptions->errorHandler(2, 'Undefined array key "layout"', 'W:\\Wamp.NET\\sites\\neuracms\\app\\Views\\admin\\dashboard.php', 1)
 2 SYSTEMPATH\View\View.php(234): include('W:\\Wamp.NET\\sites\\neuracms\\app\\Views\\admin\\dashboard.php')
 3 SYSTEMPATH\View\View.php(237): CodeIgniter\View\View->CodeIgniter\View\{closure}()
 4 SYSTEMPATH\Common.php(1171): CodeIgniter\View\View->render('admin/dashboard', [], true)
 5 APPPATH\Controllers\Admin\Dashboard.php(15): view('admin/dashboard')
 6 SYSTEMPATH\CodeIgniter.php(933): App\Controllers\Admin\Dashboard->index()
 7 SYSTEMPATH\CodeIgniter.php(509): CodeIgniter\CodeIgniter->runController(Object(App\Controllers\Admin\Dashboard))
 8 SYSTEMPATH\CodeIgniter.php(355): CodeIgniter\CodeIgniter->handleRequest(null, Object(Config\Cache), false)
 9 SYSTEMPATH\Boot.php(325): CodeIgniter\CodeIgniter->run()
10 SYSTEMPATH\Boot.php(67): CodeIgniter\Boot::runCodeIgniter(Object(CodeIgniter\CodeIgniter))
11 FCPATH\index.php(56): CodeIgniter\Boot::bootWeb(Object(Config\Paths))
CRITICAL - 2024-12-02 18:05:54 --> ErrorException: Undefined variable $component
[Method: GET, Route: admin/dashboard]
in APPPATH\Views\admin\dashboard.php on line 6.
 1 APPPATH\Views\admin\dashboard.php(6): CodeIgniter\Debug\Exceptions->errorHandler(2, 'Undefined variable $component', 'W:\\Wamp.NET\\sites\\neuracms\\app\\Views\\admin\\dashboard.php', 6)
 2 SYSTEMPATH\View\View.php(234): include('W:\\Wamp.NET\\sites\\neuracms\\app\\Views\\admin\\dashboard.php')
 3 SYSTEMPATH\View\View.php(237): CodeIgniter\View\View->CodeIgniter\View\{closure}()
 4 SYSTEMPATH\Common.php(1171): CodeIgniter\View\View->render('admin/dashboard', [], true)
 5 APPPATH\Controllers\Admin\Dashboard.php(25): view('admin/dashboard', [...])
 6 SYSTEMPATH\CodeIgniter.php(933): App\Controllers\Admin\Dashboard->index()
 7 SYSTEMPATH\CodeIgniter.php(509): CodeIgniter\CodeIgniter->runController(Object(App\Controllers\Admin\Dashboard))
 8 SYSTEMPATH\CodeIgniter.php(355): CodeIgniter\CodeIgniter->handleRequest(null, Object(Config\Cache), false)
 9 SYSTEMPATH\Boot.php(325): CodeIgniter\CodeIgniter->run()
10 SYSTEMPATH\Boot.php(67): CodeIgniter\Boot::runCodeIgniter(Object(CodeIgniter\CodeIgniter))
11 FCPATH\index.php(56): CodeIgniter\Boot::bootWeb(Object(Config\Paths))
CRITICAL - 2024-12-02 18:09:22 --> ParseError: syntax error, unexpected identifier "name", expecting ")"
[Method: GET, Route: admin/dashboard]
in APPPATH\Views\admin\dashboard.php on line 6.
 1 SYSTEMPATH\View\View.php(237): CodeIgniter\View\View->CodeIgniter\View\{closure}()
 2 SYSTEMPATH\Common.php(1171): CodeIgniter\View\View->render('admin/dashboard', [], true)
 3 APPPATH\Controllers\Admin\Dashboard.php(25): view('admin/dashboard', [...])
 4 SYSTEMPATH\CodeIgniter.php(933): App\Controllers\Admin\Dashboard->index()
 5 SYSTEMPATH\CodeIgniter.php(509): CodeIgniter\CodeIgniter->runController(Object(App\Controllers\Admin\Dashboard))
 6 SYSTEMPATH\CodeIgniter.php(355): CodeIgniter\CodeIgniter->handleRequest(null, Object(Config\Cache), false)
 7 SYSTEMPATH\Boot.php(325): CodeIgniter\CodeIgniter->run()
 8 SYSTEMPATH\Boot.php(67): CodeIgniter\Boot::runCodeIgniter(Object(CodeIgniter\CodeIgniter))
 9 FCPATH\index.php(56): CodeIgniter\Boot::bootWeb(Object(Config\Paths))
CRITICAL - 2024-12-02 18:09:39 --> ErrorException: Undefined variable $component
[Method: GET, Route: admin/dashboard]
in APPPATH\Views\admin\dashboard.php on line 6.
 1 APPPATH\Views\admin\dashboard.php(6): CodeIgniter\Debug\Exceptions->errorHandler(2, 'Undefined variable $component', 'W:\\Wamp.NET\\sites\\neuracms\\app\\Views\\admin\\dashboard.php', 6)
 2 SYSTEMPATH\View\View.php(234): include('W:\\Wamp.NET\\sites\\neuracms\\app\\Views\\admin\\dashboard.php')
 3 SYSTEMPATH\View\View.php(237): CodeIgniter\View\View->CodeIgniter\View\{closure}()
 4 SYSTEMPATH\Common.php(1171): CodeIgniter\View\View->render('admin/dashboard', [], true)
 5 APPPATH\Controllers\Admin\Dashboard.php(25): view('admin/dashboard', [...])
 6 SYSTEMPATH\CodeIgniter.php(933): App\Controllers\Admin\Dashboard->index()
 7 SYSTEMPATH\CodeIgniter.php(509): CodeIgniter\CodeIgniter->runController(Object(App\Controllers\Admin\Dashboard))
 8 SYSTEMPATH\CodeIgniter.php(355): CodeIgniter\CodeIgniter->handleRequest(null, Object(Config\Cache), false)
 9 SYSTEMPATH\Boot.php(325): CodeIgniter\CodeIgniter->run()
10 SYSTEMPATH\Boot.php(67): CodeIgniter\Boot::runCodeIgniter(Object(CodeIgniter\CodeIgniter))
11 FCPATH\index.php(56): CodeIgniter\Boot::bootWeb(Object(Config\Paths))
CRITICAL - 2024-12-02 18:10:10 --> ErrorException: Undefined variable $component
[Method: GET, Route: admin/dashboard]
in APPPATH\Views\admin\dashboard.php on line 6.
 1 APPPATH\Views\admin\dashboard.php(6): CodeIgniter\Debug\Exceptions->errorHandler(2, 'Undefined variable $component', 'W:\\Wamp.NET\\sites\\neuracms\\app\\Views\\admin\\dashboard.php', 6)
 2 SYSTEMPATH\View\View.php(234): include('W:\\Wamp.NET\\sites\\neuracms\\app\\Views\\admin\\dashboard.php')
 3 SYSTEMPATH\View\View.php(237): CodeIgniter\View\View->CodeIgniter\View\{closure}()
 4 SYSTEMPATH\Common.php(1171): CodeIgniter\View\View->render('admin/dashboard', [], true)
 5 APPPATH\Controllers\Admin\Dashboard.php(25): view('admin/dashboard', [...])
 6 SYSTEMPATH\CodeIgniter.php(933): App\Controllers\Admin\Dashboard->index()
 7 SYSTEMPATH\CodeIgniter.php(509): CodeIgniter\CodeIgniter->runController(Object(App\Controllers\Admin\Dashboard))
 8 SYSTEMPATH\CodeIgniter.php(355): CodeIgniter\CodeIgniter->handleRequest(null, Object(Config\Cache), false)
 9 SYSTEMPATH\Boot.php(325): CodeIgniter\CodeIgniter->run()
10 SYSTEMPATH\Boot.php(67): CodeIgniter\Boot::runCodeIgniter(Object(CodeIgniter\CodeIgniter))
11 FCPATH\index.php(56): CodeIgniter\Boot::bootWeb(Object(Config\Paths))
CRITICAL - 2024-12-02 18:12:17 --> TypeError: view_cell(): Argument #1 ($library) must be of type string, null given, called in W:\Wamp.NET\sites\neuracms\app\Views\admin\dashboard.php on line 6
[Method: GET, Route: admin/dashboard]
in SYSTEMPATH\Common.php on line 1184.
 1 APPPATH\Views\admin\dashboard.php(6): view_cell(null, [...])
 2 SYSTEMPATH\View\View.php(234): include('W:\\Wamp.NET\\sites\\neuracms\\app\\Views\\admin\\dashboard.php')
 3 SYSTEMPATH\View\View.php(237): CodeIgniter\View\View->CodeIgniter\View\{closure}()
 4 SYSTEMPATH\Common.php(1171): CodeIgniter\View\View->render('admin/dashboard', [], true)
 5 APPPATH\Controllers\Admin\Dashboard.php(25): view('admin/dashboard', [...])
 6 SYSTEMPATH\CodeIgniter.php(933): App\Controllers\Admin\Dashboard->index()
 7 SYSTEMPATH\CodeIgniter.php(509): CodeIgniter\CodeIgniter->runController(Object(App\Controllers\Admin\Dashboard))
 8 SYSTEMPATH\CodeIgniter.php(355): CodeIgniter\CodeIgniter->handleRequest(null, Object(Config\Cache), false)
 9 SYSTEMPATH\Boot.php(325): CodeIgniter\CodeIgniter->run()
10 SYSTEMPATH\Boot.php(67): CodeIgniter\Boot::runCodeIgniter(Object(CodeIgniter\CodeIgniter))
11 FCPATH\index.php(56): CodeIgniter\Boot::bootWeb(Object(Config\Paths))
CRITICAL - 2024-12-02 18:12:38 --> TypeError: view_cell(): Argument #1 ($library) must be of type string, null given, called in W:\Wamp.NET\sites\neuracms\app\Views\admin\dashboard.php on line 6
[Method: GET, Route: admin/dashboard]
in SYSTEMPATH\Common.php on line 1184.
 1 APPPATH\Views\admin\dashboard.php(6): view_cell(null, [...])
 2 SYSTEMPATH\View\View.php(234): include('W:\\Wamp.NET\\sites\\neuracms\\app\\Views\\admin\\dashboard.php')
 3 SYSTEMPATH\View\View.php(237): CodeIgniter\View\View->CodeIgniter\View\{closure}()
 4 SYSTEMPATH\Common.php(1171): CodeIgniter\View\View->render('admin/dashboard', [], true)
 5 APPPATH\Controllers\Admin\Dashboard.php(25): view('admin/dashboard', [...])
 6 SYSTEMPATH\CodeIgniter.php(933): App\Controllers\Admin\Dashboard->index()
 7 SYSTEMPATH\CodeIgniter.php(509): CodeIgniter\CodeIgniter->runController(Object(App\Controllers\Admin\Dashboard))
 8 SYSTEMPATH\CodeIgniter.php(355): CodeIgniter\CodeIgniter->handleRequest(null, Object(Config\Cache), false)
 9 SYSTEMPATH\Boot.php(325): CodeIgniter\CodeIgniter->run()
10 SYSTEMPATH\Boot.php(67): CodeIgniter\Boot::runCodeIgniter(Object(CodeIgniter\CodeIgniter))
11 FCPATH\index.php(56): CodeIgniter\Boot::bootWeb(Object(Config\Paths))
CRITICAL - 2024-12-02 18:14:17 --> CodeIgniter\View\Exceptions\ViewException: Unable to locate view cell class: "App\Controller\Components\Component".
[Method: GET, Route: admin/dashboard]
in SYSTEMPATH\View\Cell.php on line 190.
 1 SYSTEMPATH\View\Cell.php(190): CodeIgniter\View\Exceptions\ViewException::forInvalidCellClass('App\\Controller\\Components\\Component')
 2 SYSTEMPATH\View\Cell.php(80): CodeIgniter\View\Cell->determineClass('App\\Controller\\Components\\Component:render')
 3 SYSTEMPATH\Common.php(1187): CodeIgniter\View\Cell->render('App\\Controller\\Components\\Component::render', [...], 0, null)
 4 APPPATH\Views\admin\dashboard.php(6): view_cell('App\\Controller\\Components\\Component::render', [...])
 5 SYSTEMPATH\View\View.php(234): include('W:\\Wamp.NET\\sites\\neuracms\\app\\Views\\admin\\dashboard.php')
 6 SYSTEMPATH\View\View.php(237): CodeIgniter\View\View->CodeIgniter\View\{closure}()
 7 SYSTEMPATH\Common.php(1171): CodeIgniter\View\View->render('admin/dashboard', [], true)
 8 APPPATH\Controllers\Admin\Dashboard.php(25): view('admin/dashboard', [...])
 9 SYSTEMPATH\CodeIgniter.php(933): App\Controllers\Admin\Dashboard->index()
10 SYSTEMPATH\CodeIgniter.php(509): CodeIgniter\CodeIgniter->runController(Object(App\Controllers\Admin\Dashboard))
11 SYSTEMPATH\CodeIgniter.php(355): CodeIgniter\CodeIgniter->handleRequest(null, Object(Config\Cache), false)
12 SYSTEMPATH\Boot.php(325): CodeIgniter\CodeIgniter->run()
13 SYSTEMPATH\Boot.php(67): CodeIgniter\Boot::runCodeIgniter(Object(CodeIgniter\CodeIgniter))
14 FCPATH\index.php(56): CodeIgniter\Boot::bootWeb(Object(Config\Paths))
CRITICAL - 2024-12-02 18:27:29 --> CodeIgniter\View\Exceptions\ViewException: Unable to locate view cell class: "App\Controller\Components\Component".
[Method: GET, Route: admin/dashboard]
in SYSTEMPATH\View\Cell.php on line 190.
 1 SYSTEMPATH\View\Cell.php(190): CodeIgniter\View\Exceptions\ViewException::forInvalidCellClass('App\\Controller\\Components\\Component')
 2 SYSTEMPATH\View\Cell.php(80): CodeIgniter\View\Cell->determineClass('App\\Controller\\Components\\Component:render')
 3 SYSTEMPATH\Common.php(1187): CodeIgniter\View\Cell->render('App\\Controller\\Components\\Component::render', [...], 0, null)
 4 APPPATH\Views\admin\dashboard.php(6): view_cell('App\\Controller\\Components\\Component::render', [...])
 5 SYSTEMPATH\View\View.php(234): include('W:\\Wamp.NET\\sites\\neuracms\\app\\Views\\admin\\dashboard.php')
 6 SYSTEMPATH\View\View.php(237): CodeIgniter\View\View->CodeIgniter\View\{closure}()
 7 SYSTEMPATH\Common.php(1171): CodeIgniter\View\View->render('admin/dashboard', [], true)
 8 APPPATH\Controllers\Admin\Dashboard.php(25): view('admin/dashboard', [...])
 9 SYSTEMPATH\CodeIgniter.php(933): App\Controllers\Admin\Dashboard->index()
10 SYSTEMPATH\CodeIgniter.php(509): CodeIgniter\CodeIgniter->runController(Object(App\Controllers\Admin\Dashboard))
11 SYSTEMPATH\CodeIgniter.php(355): CodeIgniter\CodeIgniter->handleRequest(null, Object(Config\Cache), false)
12 SYSTEMPATH\Boot.php(325): CodeIgniter\CodeIgniter->run()
13 SYSTEMPATH\Boot.php(67): CodeIgniter\Boot::runCodeIgniter(Object(CodeIgniter\CodeIgniter))
14 FCPATH\index.php(56): CodeIgniter\Boot::bootWeb(Object(Config\Paths))
CRITICAL - 2024-12-02 18:27:30 --> CodeIgniter\View\Exceptions\ViewException: Unable to locate view cell class: "App\Controller\Components\Component".
[Method: GET, Route: admin/dashboard]
in SYSTEMPATH\View\Cell.php on line 190.
 1 SYSTEMPATH\View\Cell.php(190): CodeIgniter\View\Exceptions\ViewException::forInvalidCellClass('App\\Controller\\Components\\Component')
 2 SYSTEMPATH\View\Cell.php(80): CodeIgniter\View\Cell->determineClass('App\\Controller\\Components\\Component:render')
 3 SYSTEMPATH\Common.php(1187): CodeIgniter\View\Cell->render('App\\Controller\\Components\\Component::render', [...], 0, null)
 4 APPPATH\Views\admin\dashboard.php(6): view_cell('App\\Controller\\Components\\Component::render', [...])
 5 SYSTEMPATH\View\View.php(234): include('W:\\Wamp.NET\\sites\\neuracms\\app\\Views\\admin\\dashboard.php')
 6 SYSTEMPATH\View\View.php(237): CodeIgniter\View\View->CodeIgniter\View\{closure}()
 7 SYSTEMPATH\Common.php(1171): CodeIgniter\View\View->render('admin/dashboard', [], true)
 8 APPPATH\Controllers\Admin\Dashboard.php(25): view('admin/dashboard', [...])
 9 SYSTEMPATH\CodeIgniter.php(933): App\Controllers\Admin\Dashboard->index()
10 SYSTEMPATH\CodeIgniter.php(509): CodeIgniter\CodeIgniter->runController(Object(App\Controllers\Admin\Dashboard))
11 SYSTEMPATH\CodeIgniter.php(355): CodeIgniter\CodeIgniter->handleRequest(null, Object(Config\Cache), false)
12 SYSTEMPATH\Boot.php(325): CodeIgniter\CodeIgniter->run()
13 SYSTEMPATH\Boot.php(67): CodeIgniter\Boot::runCodeIgniter(Object(CodeIgniter\CodeIgniter))
14 FCPATH\index.php(56): CodeIgniter\Boot::bootWeb(Object(Config\Paths))
CRITICAL - 2024-12-02 18:27:48 --> ArgumentCountError: Too few arguments to function App\Cells\Component::mount(), 0 passed in W:\Wamp.NET\sites\neuracms\system\View\Cell.php on line 231 and exactly 1 expected
[Method: GET, Route: admin/dashboard]
in APPPATH\Cells\Component.php on line 13.
 1 SYSTEMPATH\View\Cell.php(231): App\Cells\Component->mount()
 2 SYSTEMPATH\View\Cell.php(104): CodeIgniter\View\Cell->renderCell(Object(App\Cells\Component), 'render', [...])
 3 SYSTEMPATH\Common.php(1187): CodeIgniter\View\Cell->render('App\\Cells\\Component::render', [...], 0, 'AppCellsComponentrenderb23febff7f14fd886af6b55a2b97d166')
 4 APPPATH\Views\admin\dashboard.php(6): view_cell('App\\Cells\\Component::render', [...])
 5 SYSTEMPATH\View\View.php(234): include('W:\\Wamp.NET\\sites\\neuracms\\app\\Views\\admin\\dashboard.php')
 6 SYSTEMPATH\View\View.php(237): CodeIgniter\View\View->CodeIgniter\View\{closure}()
 7 SYSTEMPATH\Common.php(1171): CodeIgniter\View\View->render('admin/dashboard', [], true)
 8 APPPATH\Controllers\Admin\Dashboard.php(25): view('admin/dashboard', [...])
 9 SYSTEMPATH\CodeIgniter.php(933): App\Controllers\Admin\Dashboard->index()
10 SYSTEMPATH\CodeIgniter.php(509): CodeIgniter\CodeIgniter->runController(Object(App\Controllers\Admin\Dashboard))
11 SYSTEMPATH\CodeIgniter.php(355): CodeIgniter\CodeIgniter->handleRequest(null, Object(Config\Cache), false)
12 SYSTEMPATH\Boot.php(325): CodeIgniter\CodeIgniter->run()
13 SYSTEMPATH\Boot.php(67): CodeIgniter\Boot::runCodeIgniter(Object(CodeIgniter\CodeIgniter))
14 FCPATH\index.php(56): CodeIgniter\Boot::bootWeb(Object(Config\Paths))
CRITICAL - 2024-12-02 18:30:14 --> ArgumentCountError: Too few arguments to function App\Cells\Component::mount(), 0 passed in W:\Wamp.NET\sites\neuracms\system\View\Cell.php on line 231 and exactly 1 expected
[Method: GET, Route: admin/dashboard]
in APPPATH\Cells\Component.php on line 13.
 1 SYSTEMPATH\View\Cell.php(231): App\Cells\Component->mount()
 2 SYSTEMPATH\View\Cell.php(104): CodeIgniter\View\Cell->renderCell(Object(App\Cells\Component), 'mount', [...])
 3 SYSTEMPATH\Common.php(1187): CodeIgniter\View\Cell->render('App\\Cells\\Component::mount', [...], 0, 'AppCellsComponentmountb23febff7f14fd886af6b55a2b97d166')
 4 APPPATH\Views\admin\dashboard.php(6): view_cell('App\\Cells\\Component::mount', [...])
 5 SYSTEMPATH\View\View.php(234): include('W:\\Wamp.NET\\sites\\neuracms\\app\\Views\\admin\\dashboard.php')
 6 SYSTEMPATH\View\View.php(237): CodeIgniter\View\View->CodeIgniter\View\{closure}()
 7 SYSTEMPATH\Common.php(1171): CodeIgniter\View\View->render('admin/dashboard', [], true)
 8 APPPATH\Controllers\Admin\Dashboard.php(25): view('admin/dashboard', [...])
 9 SYSTEMPATH\CodeIgniter.php(933): App\Controllers\Admin\Dashboard->index()
10 SYSTEMPATH\CodeIgniter.php(509): CodeIgniter\CodeIgniter->runController(Object(App\Controllers\Admin\Dashboard))
11 SYSTEMPATH\CodeIgniter.php(355): CodeIgniter\CodeIgniter->handleRequest(null, Object(Config\Cache), false)
12 SYSTEMPATH\Boot.php(325): CodeIgniter\CodeIgniter->run()
13 SYSTEMPATH\Boot.php(67): CodeIgniter\Boot::runCodeIgniter(Object(CodeIgniter\CodeIgniter))
14 FCPATH\index.php(56): CodeIgniter\Boot::bootWeb(Object(Config\Paths))
CRITICAL - 2024-12-02 18:30:22 --> ArgumentCountError: Too few arguments to function App\Cells\Component::mount(), 0 passed in W:\Wamp.NET\sites\neuracms\system\View\Cell.php on line 234 and exactly 1 expected
[Method: GET, Route: admin/dashboard]
in APPPATH\Cells\Component.php on line 13.
 1 SYSTEMPATH\View\Cell.php(234): App\Cells\Component->mount()
 2 SYSTEMPATH\View\Cell.php(104): CodeIgniter\View\Cell->renderCell(Object(App\Cells\Component), 'mount', [...])
 3 SYSTEMPATH\Common.php(1187): CodeIgniter\View\Cell->render('App\\Cells\\Component::mount', [...], 0, 'AppCellsComponentmount219b87dac95b7f23127c94772998bf79')
 4 APPPATH\Views\admin\dashboard.php(6): view_cell('App\\Cells\\Component::mount', [...])
 5 SYSTEMPATH\View\View.php(234): include('W:\\Wamp.NET\\sites\\neuracms\\app\\Views\\admin\\dashboard.php')
 6 SYSTEMPATH\View\View.php(237): CodeIgniter\View\View->CodeIgniter\View\{closure}()
 7 SYSTEMPATH\Common.php(1171): CodeIgniter\View\View->render('admin/dashboard', [], true)
 8 APPPATH\Controllers\Admin\Dashboard.php(25): view('admin/dashboard', [...])
 9 SYSTEMPATH\CodeIgniter.php(933): App\Controllers\Admin\Dashboard->index()
10 SYSTEMPATH\CodeIgniter.php(509): CodeIgniter\CodeIgniter->runController(Object(App\Controllers\Admin\Dashboard))
11 SYSTEMPATH\CodeIgniter.php(355): CodeIgniter\CodeIgniter->handleRequest(null, Object(Config\Cache), false)
12 SYSTEMPATH\Boot.php(325): CodeIgniter\CodeIgniter->run()
13 SYSTEMPATH\Boot.php(67): CodeIgniter\Boot::runCodeIgniter(Object(CodeIgniter\CodeIgniter))
14 FCPATH\index.php(56): CodeIgniter\Boot::bootWeb(Object(Config\Paths))
CRITICAL - 2024-12-02 18:33:01 --> ErrorException: Undefined property: App\Cells\Component::$data
[Method: GET, Route: admin/dashboard]
in APPPATH\Cells\Component.php on line 16.
 1 APPPATH\Cells\Component.php(16): CodeIgniter\Debug\Exceptions->errorHandler(2, 'Undefined property: App\\Cells\\Component::$data', 'W:\\Wamp.NET\\sites\\neuracms\\app\\Cells\\Component.php', 16)
 2 SYSTEMPATH\View\Cell.php(231): App\Cells\Component->mount()
 3 SYSTEMPATH\View\Cell.php(104): CodeIgniter\View\Cell->renderCell(Object(App\Cells\Component), 'mount', [...])
 4 SYSTEMPATH\Common.php(1187): CodeIgniter\View\Cell->render('App\\Cells\\Component::mount', [...], 0, 'AppCellsComponentmount219b87dac95b7f23127c94772998bf79')
 5 APPPATH\Views\admin\dashboard.php(6): view_cell('App\\Cells\\Component::mount', [...])
 6 SYSTEMPATH\View\View.php(234): include('W:\\Wamp.NET\\sites\\neuracms\\app\\Views\\admin\\dashboard.php')
 7 SYSTEMPATH\View\View.php(237): CodeIgniter\View\View->CodeIgniter\View\{closure}()
 8 SYSTEMPATH\Common.php(1171): CodeIgniter\View\View->render('admin/dashboard', [], true)
 9 APPPATH\Controllers\Admin\Dashboard.php(25): view('admin/dashboard', [...])
10 SYSTEMPATH\CodeIgniter.php(933): App\Controllers\Admin\Dashboard->index()
11 SYSTEMPATH\CodeIgniter.php(509): CodeIgniter\CodeIgniter->runController(Object(App\Controllers\Admin\Dashboard))
12 SYSTEMPATH\CodeIgniter.php(355): CodeIgniter\CodeIgniter->handleRequest(null, Object(Config\Cache), false)
13 SYSTEMPATH\Boot.php(325): CodeIgniter\CodeIgniter->run()
14 SYSTEMPATH\Boot.php(67): CodeIgniter\Boot::runCodeIgniter(Object(CodeIgniter\CodeIgniter))
15 FCPATH\index.php(56): CodeIgniter\Boot::bootWeb(Object(Config\Paths))
CRITICAL - 2024-12-02 18:33:13 --> ErrorException: Undefined property: App\Cells\Component::$params
[Method: GET, Route: admin/dashboard]
in APPPATH\Cells\Component.php on line 16.
 1 APPPATH\Cells\Component.php(16): CodeIgniter\Debug\Exceptions->errorHandler(2, 'Undefined property: App\\Cells\\Component::$params', 'W:\\Wamp.NET\\sites\\neuracms\\app\\Cells\\Component.php', 16)
 2 SYSTEMPATH\View\Cell.php(231): App\Cells\Component->mount()
 3 SYSTEMPATH\View\Cell.php(104): CodeIgniter\View\Cell->renderCell(Object(App\Cells\Component), 'mount', [...])
 4 SYSTEMPATH\Common.php(1187): CodeIgniter\View\Cell->render('App\\Cells\\Component::mount', [...], 0, 'AppCellsComponentmount219b87dac95b7f23127c94772998bf79')
 5 APPPATH\Views\admin\dashboard.php(6): view_cell('App\\Cells\\Component::mount', [...])
 6 SYSTEMPATH\View\View.php(234): include('W:\\Wamp.NET\\sites\\neuracms\\app\\Views\\admin\\dashboard.php')
 7 SYSTEMPATH\View\View.php(237): CodeIgniter\View\View->CodeIgniter\View\{closure}()
 8 SYSTEMPATH\Common.php(1171): CodeIgniter\View\View->render('admin/dashboard', [], true)
 9 APPPATH\Controllers\Admin\Dashboard.php(25): view('admin/dashboard', [...])
10 SYSTEMPATH\CodeIgniter.php(933): App\Controllers\Admin\Dashboard->index()
11 SYSTEMPATH\CodeIgniter.php(509): CodeIgniter\CodeIgniter->runController(Object(App\Controllers\Admin\Dashboard))
12 SYSTEMPATH\CodeIgniter.php(355): CodeIgniter\CodeIgniter->handleRequest(null, Object(Config\Cache), false)
13 SYSTEMPATH\Boot.php(325): CodeIgniter\CodeIgniter->run()
14 SYSTEMPATH\Boot.php(67): CodeIgniter\Boot::runCodeIgniter(Object(CodeIgniter\CodeIgniter))
15 FCPATH\index.php(56): CodeIgniter\Boot::bootWeb(Object(Config\Paths))
CRITICAL - 2024-12-02 18:34:43 --> ErrorException: Undefined property: App\Cells\Component::$params
[Method: GET, Route: admin/dashboard]
in APPPATH\Cells\Component.php on line 13.
 1 APPPATH\Cells\Component.php(13): CodeIgniter\Debug\Exceptions->errorHandler(2, 'Undefined property: App\\Cells\\Component::$params', 'W:\\Wamp.NET\\sites\\neuracms\\app\\Cells\\Component.php', 13)
 2 SYSTEMPATH\View\Cell.php(234): App\Cells\Component->render()
 3 SYSTEMPATH\View\Cell.php(104): CodeIgniter\View\Cell->renderCell(Object(App\Cells\Component), 'render', [...])
 4 SYSTEMPATH\Common.php(1187): CodeIgniter\View\Cell->render('App\\Cells\\Component::render', [...], 0, 'AppCellsComponentrenderb23febff7f14fd886af6b55a2b97d166')
 5 APPPATH\Views\admin\dashboard.php(6): view_cell('App\\Cells\\Component::render', [...])
 6 SYSTEMPATH\View\View.php(234): include('W:\\Wamp.NET\\sites\\neuracms\\app\\Views\\admin\\dashboard.php')
 7 SYSTEMPATH\View\View.php(237): CodeIgniter\View\View->CodeIgniter\View\{closure}()
 8 SYSTEMPATH\Common.php(1171): CodeIgniter\View\View->render('admin/dashboard', [], true)
 9 APPPATH\Controllers\Admin\Dashboard.php(25): view('admin/dashboard', [...])
10 SYSTEMPATH\CodeIgniter.php(933): App\Controllers\Admin\Dashboard->index()
11 SYSTEMPATH\CodeIgniter.php(509): CodeIgniter\CodeIgniter->runController(Object(App\Controllers\Admin\Dashboard))
12 SYSTEMPATH\CodeIgniter.php(355): CodeIgniter\CodeIgniter->handleRequest(null, Object(Config\Cache), false)
13 SYSTEMPATH\Boot.php(325): CodeIgniter\CodeIgniter->run()
14 SYSTEMPATH\Boot.php(67): CodeIgniter\Boot::runCodeIgniter(Object(CodeIgniter\CodeIgniter))
15 FCPATH\index.php(56): CodeIgniter\Boot::bootWeb(Object(Config\Paths))
CRITICAL - 2024-12-02 18:34:46 --> ErrorException: Undefined property: App\Cells\Component::$params
[Method: GET, Route: admin/dashboard]
in APPPATH\Cells\Component.php on line 13.
 1 APPPATH\Cells\Component.php(13): CodeIgniter\Debug\Exceptions->errorHandler(2, 'Undefined property: App\\Cells\\Component::$params', 'W:\\Wamp.NET\\sites\\neuracms\\app\\Cells\\Component.php', 13)
 2 SYSTEMPATH\View\Cell.php(234): App\Cells\Component->render()
 3 SYSTEMPATH\View\Cell.php(104): CodeIgniter\View\Cell->renderCell(Object(App\Cells\Component), 'render', [...])
 4 SYSTEMPATH\Common.php(1187): CodeIgniter\View\Cell->render('App\\Cells\\Component::render', [...], 0, 'AppCellsComponentrenderb23febff7f14fd886af6b55a2b97d166')
 5 APPPATH\Views\admin\dashboard.php(6): view_cell('App\\Cells\\Component::render', [...])
 6 SYSTEMPATH\View\View.php(234): include('W:\\Wamp.NET\\sites\\neuracms\\app\\Views\\admin\\dashboard.php')
 7 SYSTEMPATH\View\View.php(237): CodeIgniter\View\View->CodeIgniter\View\{closure}()
 8 SYSTEMPATH\Common.php(1171): CodeIgniter\View\View->render('admin/dashboard', [], true)
 9 APPPATH\Controllers\Admin\Dashboard.php(25): view('admin/dashboard', [...])
10 SYSTEMPATH\CodeIgniter.php(933): App\Controllers\Admin\Dashboard->index()
11 SYSTEMPATH\CodeIgniter.php(509): CodeIgniter\CodeIgniter->runController(Object(App\Controllers\Admin\Dashboard))
12 SYSTEMPATH\CodeIgniter.php(355): CodeIgniter\CodeIgniter->handleRequest(null, Object(Config\Cache), false)
13 SYSTEMPATH\Boot.php(325): CodeIgniter\CodeIgniter->run()
14 SYSTEMPATH\Boot.php(67): CodeIgniter\Boot::runCodeIgniter(Object(CodeIgniter\CodeIgniter))
15 FCPATH\index.php(56): CodeIgniter\Boot::bootWeb(Object(Config\Paths))
CRITICAL - 2024-12-02 18:36:32 --> Error: Call to undefined method App\Cells\Component::getMethodParams()
[Method: GET, Route: admin/dashboard]
in APPPATH\Cells\Component.php on line 13.
 1 SYSTEMPATH\View\Cell.php(234): App\Cells\Component->render()
 2 SYSTEMPATH\View\Cell.php(104): CodeIgniter\View\Cell->renderCell(Object(App\Cells\Component), 'render', [...])
 3 SYSTEMPATH\Common.php(1187): CodeIgniter\View\Cell->render('App\\Cells\\Component::render', [...], 0, 'AppCellsComponentrenderb23febff7f14fd886af6b55a2b97d166')
 4 APPPATH\Views\admin\dashboard.php(6): view_cell('App\\Cells\\Component::render', [...])
 5 SYSTEMPATH\View\View.php(234): include('W:\\Wamp.NET\\sites\\neuracms\\app\\Views\\admin\\dashboard.php')
 6 SYSTEMPATH\View\View.php(237): CodeIgniter\View\View->CodeIgniter\View\{closure}()
 7 SYSTEMPATH\Common.php(1171): CodeIgniter\View\View->render('admin/dashboard', [], true)
 8 APPPATH\Controllers\Admin\Dashboard.php(25): view('admin/dashboard', [...])
 9 SYSTEMPATH\CodeIgniter.php(933): App\Controllers\Admin\Dashboard->index()
10 SYSTEMPATH\CodeIgniter.php(509): CodeIgniter\CodeIgniter->runController(Object(App\Controllers\Admin\Dashboard))
11 SYSTEMPATH\CodeIgniter.php(355): CodeIgniter\CodeIgniter->handleRequest(null, Object(Config\Cache), false)
12 SYSTEMPATH\Boot.php(325): CodeIgniter\CodeIgniter->run()
13 SYSTEMPATH\Boot.php(67): CodeIgniter\Boot::runCodeIgniter(Object(CodeIgniter\CodeIgniter))
14 FCPATH\index.php(56): CodeIgniter\Boot::bootWeb(Object(Config\Paths))
CRITICAL - 2024-12-02 18:40:54 --> LogicException: Cannot locate the view file for the "App\Cells\Component" cell.
[Method: GET, Route: admin/dashboard]
in SYSTEMPATH\View\Cells\Cell.php on line 104.
 1 APPPATH\Cells\Component.php(14): CodeIgniter\View\Cells\Cell->view('W:\\Wamp.NET\\sites\\neuracms\\app\\Cells\\cells/component.php')
 2 SYSTEMPATH\View\Cell.php(234): App\Cells\Component->render()
 3 SYSTEMPATH\View\Cell.php(104): CodeIgniter\View\Cell->renderCell(Object(App\Cells\Component), 'render', [...])
 4 SYSTEMPATH\Common.php(1187): CodeIgniter\View\Cell->render('App\\Cells\\Component::render', [...], 0, 'AppCellsComponentrender65dfc9de75cc5ca20bbdc90acc4efc3c')
 5 APPPATH\Views\admin\dashboard.php(6): view_cell('App\\Cells\\Component::render', [...])
 6 SYSTEMPATH\View\View.php(234): include('W:\\Wamp.NET\\sites\\neuracms\\app\\Views\\admin\\dashboard.php')
 7 SYSTEMPATH\View\View.php(237): CodeIgniter\View\View->CodeIgniter\View\{closure}()
 8 SYSTEMPATH\Common.php(1171): CodeIgniter\View\View->render('admin/dashboard', [], true)
 9 APPPATH\Controllers\Admin\Dashboard.php(25): view('admin/dashboard', [...])
10 SYSTEMPATH\CodeIgniter.php(933): App\Controllers\Admin\Dashboard->index()
11 SYSTEMPATH\CodeIgniter.php(509): CodeIgniter\CodeIgniter->runController(Object(App\Controllers\Admin\Dashboard))
12 SYSTEMPATH\CodeIgniter.php(355): CodeIgniter\CodeIgniter->handleRequest(null, Object(Config\Cache), false)
13 SYSTEMPATH\Boot.php(325): CodeIgniter\CodeIgniter->run()
14 SYSTEMPATH\Boot.php(67): CodeIgniter\Boot::runCodeIgniter(Object(CodeIgniter\CodeIgniter))
15 FCPATH\index.php(56): CodeIgniter\Boot::bootWeb(Object(Config\Paths))
CRITICAL - 2024-12-02 18:45:53 --> LogicException: Cannot locate the view file for the "App\Cells\Component" cell.
[Method: GET, Route: admin/dashboard]
in SYSTEMPATH\View\Cells\Cell.php on line 104.
 1 APPPATH\Cells\Component.php(14): CodeIgniter\View\Cells\Cell->view('W:\\Wamp.NET\\sites\\neuracms\\app\\Cells\\Cells/Component.php')
 2 SYSTEMPATH\View\Cell.php(234): App\Cells\Component->render()
 3 SYSTEMPATH\View\Cell.php(104): CodeIgniter\View\Cell->renderCell(Object(App\Cells\Component), 'render', [...])
 4 SYSTEMPATH\Common.php(1187): CodeIgniter\View\Cell->render('App\\Cells\\Component::render', [...], 0, 'AppCellsComponentrender65dfc9de75cc5ca20bbdc90acc4efc3c')
 5 APPPATH\Views\admin\dashboard.php(6): view_cell('App\\Cells\\Component::render', [...])
 6 SYSTEMPATH\View\View.php(234): include('W:\\Wamp.NET\\sites\\neuracms\\app\\Views\\admin\\dashboard.php')
 7 SYSTEMPATH\View\View.php(237): CodeIgniter\View\View->CodeIgniter\View\{closure}()
 8 SYSTEMPATH\Common.php(1171): CodeIgniter\View\View->render('admin/dashboard', [], true)
 9 APPPATH\Controllers\Admin\Dashboard.php(25): view('admin/dashboard', [...])
10 SYSTEMPATH\CodeIgniter.php(933): App\Controllers\Admin\Dashboard->index()
11 SYSTEMPATH\CodeIgniter.php(509): CodeIgniter\CodeIgniter->runController(Object(App\Controllers\Admin\Dashboard))
12 SYSTEMPATH\CodeIgniter.php(355): CodeIgniter\CodeIgniter->handleRequest(null, Object(Config\Cache), false)
13 SYSTEMPATH\Boot.php(325): CodeIgniter\CodeIgniter->run()
14 SYSTEMPATH\Boot.php(67): CodeIgniter\Boot::runCodeIgniter(Object(CodeIgniter\CodeIgniter))
15 FCPATH\index.php(56): CodeIgniter\Boot::bootWeb(Object(Config\Paths))
CRITICAL - 2024-12-02 18:45:54 --> LogicException: Cannot locate the view file for the "App\Cells\Component" cell.
[Method: GET, Route: admin/dashboard]
in SYSTEMPATH\View\Cells\Cell.php on line 104.
 1 APPPATH\Cells\Component.php(14): CodeIgniter\View\Cells\Cell->view('W:\\Wamp.NET\\sites\\neuracms\\app\\Cells\\Cells/Component.php')
 2 SYSTEMPATH\View\Cell.php(234): App\Cells\Component->render()
 3 SYSTEMPATH\View\Cell.php(104): CodeIgniter\View\Cell->renderCell(Object(App\Cells\Component), 'render', [...])
 4 SYSTEMPATH\Common.php(1187): CodeIgniter\View\Cell->render('App\\Cells\\Component::render', [...], 0, 'AppCellsComponentrender65dfc9de75cc5ca20bbdc90acc4efc3c')
 5 APPPATH\Views\admin\dashboard.php(6): view_cell('App\\Cells\\Component::render', [...])
 6 SYSTEMPATH\View\View.php(234): include('W:\\Wamp.NET\\sites\\neuracms\\app\\Views\\admin\\dashboard.php')
 7 SYSTEMPATH\View\View.php(237): CodeIgniter\View\View->CodeIgniter\View\{closure}()
 8 SYSTEMPATH\Common.php(1171): CodeIgniter\View\View->render('admin/dashboard', [], true)
 9 APPPATH\Controllers\Admin\Dashboard.php(25): view('admin/dashboard', [...])
10 SYSTEMPATH\CodeIgniter.php(933): App\Controllers\Admin\Dashboard->index()
11 SYSTEMPATH\CodeIgniter.php(509): CodeIgniter\CodeIgniter->runController(Object(App\Controllers\Admin\Dashboard))
12 SYSTEMPATH\CodeIgniter.php(355): CodeIgniter\CodeIgniter->handleRequest(null, Object(Config\Cache), false)
13 SYSTEMPATH\Boot.php(325): CodeIgniter\CodeIgniter->run()
14 SYSTEMPATH\Boot.php(67): CodeIgniter\Boot::runCodeIgniter(Object(CodeIgniter\CodeIgniter))
15 FCPATH\index.php(56): CodeIgniter\Boot::bootWeb(Object(Config\Paths))
CRITICAL - 2024-12-02 18:46:09 --> ErrorException: Cannot declare class App\Cells\Component, because the name is already in use
[Method: GET, Route: admin/dashboard]
in APPPATH\Cells\Component.php on line 9.
 1 [internal function]: CodeIgniter\Debug\Exceptions->shutdownHandler()
CRITICAL - 2024-12-02 18:47:48 --> CodeIgniter\View\Exceptions\ViewException: Invalid file: "component.php"
[Method: GET, Route: admin/dashboard]
in SYSTEMPATH\Exceptions\FrameworkException.php on line 41.
 1 SYSTEMPATH\View\View.php(222): CodeIgniter\Exceptions\FrameworkException::forInvalidFile('component.php')
 2 SYSTEMPATH\Common.php(1171): CodeIgniter\View\View->render('component', [], true)
 3 APPPATH\Cells\Component.php(14): view('component')
 4 SYSTEMPATH\View\Cell.php(234): App\Cells\Component->render()
 5 SYSTEMPATH\View\Cell.php(104): CodeIgniter\View\Cell->renderCell(Object(App\Cells\Component), 'render', [...])
 6 SYSTEMPATH\Common.php(1187): CodeIgniter\View\Cell->render('App\\Cells\\Component::render', [...], 0, 'AppCellsComponentrender65dfc9de75cc5ca20bbdc90acc4efc3c')
 7 APPPATH\Views\admin\dashboard.php(6): view_cell('App\\Cells\\Component::render', [...])
 8 SYSTEMPATH\View\View.php(234): include('W:\\Wamp.NET\\sites\\neuracms\\app\\Views\\admin\\dashboard.php')
 9 SYSTEMPATH\View\View.php(237): CodeIgniter\View\View->CodeIgniter\View\{closure}()
10 SYSTEMPATH\Common.php(1171): CodeIgniter\View\View->render('admin/dashboard', [], true)
11 APPPATH\Controllers\Admin\Dashboard.php(25): view('admin/dashboard', [...])
12 SYSTEMPATH\CodeIgniter.php(933): App\Controllers\Admin\Dashboard->index()
13 SYSTEMPATH\CodeIgniter.php(509): CodeIgniter\CodeIgniter->runController(Object(App\Controllers\Admin\Dashboard))
14 SYSTEMPATH\CodeIgniter.php(355): CodeIgniter\CodeIgniter->handleRequest(null, Object(Config\Cache), false)
15 SYSTEMPATH\Boot.php(325): CodeIgniter\CodeIgniter->run()
16 SYSTEMPATH\Boot.php(67): CodeIgniter\Boot::runCodeIgniter(Object(CodeIgniter\CodeIgniter))
17 FCPATH\index.php(56): CodeIgniter\Boot::bootWeb(Object(Config\Paths))
CRITICAL - 2024-12-02 18:48:01 --> ErrorException: Undefined variable $name
[Method: GET, Route: admin/dashboard]
in APPPATH\Views\cells\component.php on line 1.
 1 APPPATH\Views\cells\component.php(1): CodeIgniter\Debug\Exceptions->errorHandler(2, 'Undefined variable $name', 'W:\\Wamp.NET\\sites\\neuracms\\app\\Views\\cells\\component.php', 1)
 2 SYSTEMPATH\View\View.php(234): include('W:\\Wamp.NET\\sites\\neuracms\\app\\Views\\cells\\component.php')
 3 SYSTEMPATH\View\View.php(237): CodeIgniter\View\View->CodeIgniter\View\{closure}()
 4 SYSTEMPATH\Common.php(1171): CodeIgniter\View\View->render('cells/component', [], true)
 5 APPPATH\Cells\Component.php(14): view('cells/component')
 6 SYSTEMPATH\View\Cell.php(234): App\Cells\Component->render()
 7 SYSTEMPATH\View\Cell.php(104): CodeIgniter\View\Cell->renderCell(Object(App\Cells\Component), 'render', [...])
 8 SYSTEMPATH\Common.php(1187): CodeIgniter\View\Cell->render('App\\Cells\\Component::render', [...], 0, 'AppCellsComponentrender65dfc9de75cc5ca20bbdc90acc4efc3c')
 9 APPPATH\Views\admin\dashboard.php(6): view_cell('App\\Cells\\Component::render', [...])
10 SYSTEMPATH\View\View.php(234): include('W:\\Wamp.NET\\sites\\neuracms\\app\\Views\\admin\\dashboard.php')
11 SYSTEMPATH\View\View.php(237): CodeIgniter\View\View->CodeIgniter\View\{closure}()
12 SYSTEMPATH\Common.php(1171): CodeIgniter\View\View->render('admin/dashboard', [], true)
13 APPPATH\Controllers\Admin\Dashboard.php(25): view('admin/dashboard', [...])
14 SYSTEMPATH\CodeIgniter.php(933): App\Controllers\Admin\Dashboard->index()
15 SYSTEMPATH\CodeIgniter.php(509): CodeIgniter\CodeIgniter->runController(Object(App\Controllers\Admin\Dashboard))
16 SYSTEMPATH\CodeIgniter.php(355): CodeIgniter\CodeIgniter->handleRequest(null, Object(Config\Cache), false)
17 SYSTEMPATH\Boot.php(325): CodeIgniter\CodeIgniter->run()
18 SYSTEMPATH\Boot.php(67): CodeIgniter\Boot::runCodeIgniter(Object(CodeIgniter\CodeIgniter))
19 FCPATH\index.php(56): CodeIgniter\Boot::bootWeb(Object(Config\Paths))
CRITICAL - 2024-12-02 18:48:18 --> ErrorException: Undefined variable $data
[Method: GET, Route: admin/dashboard]
in APPPATH\Cells\Component.php on line 14.
 1 APPPATH\Cells\Component.php(14): CodeIgniter\Debug\Exceptions->errorHandler(2, 'Undefined variable $data', 'W:\\Wamp.NET\\sites\\neuracms\\app\\Cells\\Component.php', 14)
 2 SYSTEMPATH\View\Cell.php(234): App\Cells\Component->render()
 3 SYSTEMPATH\View\Cell.php(104): CodeIgniter\View\Cell->renderCell(Object(App\Cells\Component), 'render', [...])
 4 SYSTEMPATH\Common.php(1187): CodeIgniter\View\Cell->render('App\\Cells\\Component::render', [...], 0, 'AppCellsComponentrender65dfc9de75cc5ca20bbdc90acc4efc3c')
 5 APPPATH\Views\admin\dashboard.php(6): view_cell('App\\Cells\\Component::render', [...])
 6 SYSTEMPATH\View\View.php(234): include('W:\\Wamp.NET\\sites\\neuracms\\app\\Views\\admin\\dashboard.php')
 7 SYSTEMPATH\View\View.php(237): CodeIgniter\View\View->CodeIgniter\View\{closure}()
 8 SYSTEMPATH\Common.php(1171): CodeIgniter\View\View->render('admin/dashboard', [], true)
 9 APPPATH\Controllers\Admin\Dashboard.php(25): view('admin/dashboard', [...])
10 SYSTEMPATH\CodeIgniter.php(933): App\Controllers\Admin\Dashboard->index()
11 SYSTEMPATH\CodeIgniter.php(509): CodeIgniter\CodeIgniter->runController(Object(App\Controllers\Admin\Dashboard))
12 SYSTEMPATH\CodeIgniter.php(355): CodeIgniter\CodeIgniter->handleRequest(null, Object(Config\Cache), false)
13 SYSTEMPATH\Boot.php(325): CodeIgniter\CodeIgniter->run()
14 SYSTEMPATH\Boot.php(67): CodeIgniter\Boot::runCodeIgniter(Object(CodeIgniter\CodeIgniter))
15 FCPATH\index.php(56): CodeIgniter\Boot::bootWeb(Object(Config\Paths))
CRITICAL - 2024-12-02 19:35:59 --> ErrorException: Undefined array key "components"
[Method: GET, Route: admin/dashboard]
in APPPATH\Views\admin\dashboard.php on line 3.
 1 APPPATH\Views\admin\dashboard.php(3): CodeIgniter\Debug\Exceptions->errorHandler(2, 'Undefined array key "components"', 'W:\\Wamp.NET\\sites\\neuracms\\app\\Views\\admin\\dashboard.php', 3)
 2 SYSTEMPATH\View\View.php(234): include('W:\\Wamp.NET\\sites\\neuracms\\app\\Views\\admin\\dashboard.php')
 3 SYSTEMPATH\View\View.php(237): CodeIgniter\View\View->CodeIgniter\View\{closure}()
 4 SYSTEMPATH\Common.php(1171): CodeIgniter\View\View->render('admin/dashboard', [], true)
 5 APPPATH\Controllers\Admin\Dashboard.php(39): view('admin/dashboard', [...])
 6 SYSTEMPATH\CodeIgniter.php(933): App\Controllers\Admin\Dashboard->index()
 7 SYSTEMPATH\CodeIgniter.php(509): CodeIgniter\CodeIgniter->runController(Object(App\Controllers\Admin\Dashboard))
 8 SYSTEMPATH\CodeIgniter.php(355): CodeIgniter\CodeIgniter->handleRequest(null, Object(Config\Cache), false)
 9 SYSTEMPATH\Boot.php(325): CodeIgniter\CodeIgniter->run()
10 SYSTEMPATH\Boot.php(67): CodeIgniter\Boot::runCodeIgniter(Object(CodeIgniter\CodeIgniter))
11 FCPATH\index.php(56): CodeIgniter\Boot::bootWeb(Object(Config\Paths))
CRITICAL - 2024-12-02 19:37:56 --> CodeIgniter\View\Exceptions\ViewException: Invalid file: "/offcanvas.php"
[Method: GET, Route: admin/dashboard]
in SYSTEMPATH\Exceptions\FrameworkException.php on line 41.
 1 SYSTEMPATH\View\View.php(222): CodeIgniter\Exceptions\FrameworkException::forInvalidFile('/offcanvas.php')
 2 SYSTEMPATH\View\View.php(487): CodeIgniter\View\View->render('/offcanvas', null, true)
 3 APPPATH\Views\layouts\default.php(13): CodeIgniter\View\View->include('/offcanvas')
 4 SYSTEMPATH\View\View.php(234): include('W:\\Wamp.NET\\sites\\neuracms\\app\\Views\\layouts\\default.php')
 5 SYSTEMPATH\View\View.php(237): CodeIgniter\View\View->CodeIgniter\View\{closure}()
 6 SYSTEMPATH\View\View.php(250): CodeIgniter\View\View->render('layouts/default', [], true)
 7 SYSTEMPATH\Common.php(1171): CodeIgniter\View\View->render('admin/dashboard', [], true)
 8 APPPATH\Controllers\Admin\Dashboard.php(39): view('admin/dashboard', [...])
 9 SYSTEMPATH\CodeIgniter.php(933): App\Controllers\Admin\Dashboard->index()
10 SYSTEMPATH\CodeIgniter.php(509): CodeIgniter\CodeIgniter->runController(Object(App\Controllers\Admin\Dashboard))
11 SYSTEMPATH\CodeIgniter.php(355): CodeIgniter\CodeIgniter->handleRequest(null, Object(Config\Cache), false)
12 SYSTEMPATH\Boot.php(325): CodeIgniter\CodeIgniter->run()
13 SYSTEMPATH\Boot.php(67): CodeIgniter\Boot::runCodeIgniter(Object(CodeIgniter\CodeIgniter))
14 FCPATH\index.php(56): CodeIgniter\Boot::bootWeb(Object(Config\Paths))
